app/build/outputs/logs/manifest-merger-debug-report.txt
-- Merging decision tree log ---
manifest
ADDED from src\main\AndroidManifest.xml:2:1-111:12
	package
		ADDED from src\main\AndroidManifest.xml:3:5-43
		INJECTED from src\main\AndroidManifest.xml
		INJECTED from src\main\AndroidManifest.xml
	android:versionName
		ADDED from src\main\AndroidManifest.xml:5:5-30
		INJECTED from src\main\AndroidManifest.xml
		INJECTED from src\main\AndroidManifest.xml
	android:versionCode
		ADDED from src\main\AndroidManifest.xml:4:5-28
		INJECTED from src\main\AndroidManifest.xml
		INJECTED from src\main\AndroidManifest.xml
	xmlns:android
		ADDED from src\main\AndroidManifest.xml:2:11-69
uses-sdk
ADDED from src\main\AndroidManifest.xml:7:5-9:41
MERGED from [com.android.support:appcompat-v7:20.0.0] AndroidManifest.xml:16:5-42
MERGED from [com.android.support:support-v4:20.0.0] AndroidManifest.xml:16:5-42
	android:targetSdkVersion
		ADDED from src\main\AndroidManifest.xml:9:9-38
		INJECTED from src\main\AndroidManifest.xml
		INJECTED from src\main\AndroidManifest.xml
	android:minSdkVersion
		ADDED from src\main\AndroidManifest.xml:8:9-35
		INJECTED from src\main\AndroidManifest.xml
		INJECTED from src\main\AndroidManifest.xml
uses-permission#android.permission.READ_PHONE_STATE
ADDED from src\main\AndroidManifest.xml:10:5-74
	android:name
		ADDED from src\main\AndroidManifest.xml:10:22-72
uses-permission#android.permission.CALL_PHONE
ADDED from src\main\AndroidManifest.xml:11:5-68
	android:name
		ADDED from src\main\AndroidManifest.xml:11:22-66
uses-permission#android.permission.SEND_SMS
ADDED from src\main\AndroidManifest.xml:12:5-66
	android:name
		ADDED from src\main\AndroidManifest.xml:12:22-64
uses-permission#android.permission.READ_CONTACTS
ADDED from src\main\AndroidManifest.xml:13:5-71
	android:name
		ADDED from src\main\AndroidManifest.xml:13:22-69
uses-permission#android.permission.RECEIVE_SMS
ADDED from src\main\AndroidManifest.xml:14:5-69
	android:name
		ADDED from src\main\AndroidManifest.xml:14:22-67
uses-permission#android.permission.READ_SMS
ADDED from src\main\AndroidManifest.xml:15:5-66
	android:name
		ADDED from src\main\AndroidManifest.xml:15:22-64
application
ADDED from src\main\AndroidManifest.xml:17:5-109:19
MERGED from [com.android.support:appcompat-v7:20.0.0] AndroidManifest.xml:17:5-19
MERGED from [com.android.support:support-v4:20.0.0] AndroidManifest.xml:17:5-19
	android:label
		ADDED from src\main\AndroidManifest.xml:20:9-41
	android:allowBackup
		ADDED from src\main\AndroidManifest.xml:18:9-35
	android:icon
		ADDED from src\main\AndroidManifest.xml:19:9-45
	android:theme
		ADDED from src\main\AndroidManifest.xml:21:9-40
activity#com.example.answeringmachine.MainActivity
ADDED from src\main\AndroidManifest.xml:22:9-30:20
	android:label
		ADDED from src\main\AndroidManifest.xml:24:13-45
	android:name
		ADDED from src\main\AndroidManifest.xml:23:13-41
intent-filter#android.intent.action.MAIN+android.intent.category.LAUNCHER
ADDED from src\main\AndroidManifest.xml:25:13-29:29
action#android.intent.action.MAIN
ADDED from src\main\AndroidManifest.xml:26:17-69
	android:name
		ADDED from src\main\AndroidManifest.xml:26:25-66
category#android.intent.category.LAUNCHER
ADDED from src\main\AndroidManifest.xml:28:17-77
	android:name
		ADDED from src\main\AndroidManifest.xml:28:27-74
activity#com.example.answeringmachine.Menu
ADDED from src\main\AndroidManifest.xml:31:9-38:20
	android:label
		ADDED from src\main\AndroidManifest.xml:33:13-45
	android:name
		ADDED from src\main\AndroidManifest.xml:32:13-33
intent-filter#android.intent.action.MENU+android.intent.category.LAUNCHER
ADDED from src\main\AndroidManifest.xml:34:13-37:29
action#android.intent.action.MENU
ADDED from src\main\AndroidManifest.xml:35:17-69
	android:name
		ADDED from src\main\AndroidManifest.xml:35:25-66
activity#com.example.answeringmachine.GreetingOptions
ADDED from src\main\AndroidManifest.xml:40:10-48:20
	android:label
		ADDED from src\main\AndroidManifest.xml:42:13-45
	android:name
		ADDED from src\main\AndroidManifest.xml:41:13-44
intent-filter#android.intent.action.GREETINGOPTIONS+android.intent.category.LAUNCHER
ADDED from src\main\AndroidManifest.xml:43:13-47:29
action#android.intent.action.GREETINGOPTIONS
ADDED from src\main\AndroidManifest.xml:44:17-80
	android:name
		ADDED from src\main\AndroidManifest.xml:44:25-77
activity#com.example.answeringmachine.TextGreeting
ADDED from src\main\AndroidManifest.xml:49:10-57:20
	android:label
		ADDED from src\main\AndroidManifest.xml:51:13-45
	android:name
		ADDED from src\main\AndroidManifest.xml:50:13-41
intent-filter#android.intent.action.TEXTGREETING+android.intent.category.LAUNCHER
ADDED from src\main\AndroidManifest.xml:52:13-56:29
action#android.intent.action.TEXTGREETING
ADDED from src\main\AndroidManifest.xml:53:17-77
	android:name
		ADDED from src\main\AndroidManifest.xml:53:25-74
activity#com.example.answeringmachine.ReceivedMessages
ADDED from src\main\AndroidManifest.xml:58:9-66:20
	android:label
		ADDED from src\main\AndroidManifest.xml:60:13-45
	android:name
		ADDED from src\main\AndroidManifest.xml:59:13-45
intent-filter#android.intent.action.RECEIVEDMESSAGES+android.intent.category.LAUNCHER
ADDED from src\main\AndroidManifest.xml:61:13-65:29
action#android.intent.action.RECEIVEDMESSAGES
ADDED from src\main\AndroidManifest.xml:62:17-81
	android:name
		ADDED from src\main\AndroidManifest.xml:62:25-78
activity#com.example.answeringmachine.TextMessages
ADDED from src\main\AndroidManifest.xml:67:9-75:20
	android:label
		ADDED from src\main\AndroidManifest.xml:69:13-45
	android:name
		ADDED from src\main\AndroidManifest.xml:68:13-41
intent-filter#android.intent.action.TEXTMESSAGES+android.intent.category.LAUNCHER
ADDED from src\main\AndroidManifest.xml:70:13-74:29
action#android.intent.action.TEXTMESSAGES
ADDED from src\main\AndroidManifest.xml:71:17-77
	android:name
		ADDED from src\main\AndroidManifest.xml:71:25-74
activity#com.example.answeringmachine.AndroidTextToSpeechActivity
ADDED from src\main\AndroidManifest.xml:76:9-81:20
	android:label
		ADDED from src\main\AndroidManifest.xml:79:13-45
	android:launchMode
		ADDED from src\main\AndroidManifest.xml:80:13-48
	android:theme
		ADDED from src\main\AndroidManifest.xml:78:13-53
	android:name
		ADDED from src\main\AndroidManifest.xml:77:13-56
activity#com.example.answeringmachine.BlockList
ADDED from src\main\AndroidManifest.xml:82:9-89:20
	android:label
		ADDED from src\main\AndroidManifest.xml:84:13-45
	android:name
		ADDED from src\main\AndroidManifest.xml:83:13-38
intent-filter#android.intent.action.BLOCKLIST+android.intent.category.LAUNCHER
ADDED from src\main\AndroidManifest.xml:85:13-88:29
action#android.intent.action.BLOCKLIST
ADDED from src\main\AndroidManifest.xml:86:17-74
	android:name
		ADDED from src\main\AndroidManifest.xml:86:25-71
activity#com.example.answeringmachine.GetContacts
ADDED from src\main\AndroidManifest.xml:90:9-91:42
	android:name
		ADDED from src\main\AndroidManifest.xml:91:13-40
activity#com.example.answeringmachine.Block
ADDED from src\main\AndroidManifest.xml:92:9-93:36
	android:name
		ADDED from src\main\AndroidManifest.xml:93:13-34
activity#com.example.answeringmachine.List1
ADDED from src\main\AndroidManifest.xml:94:9-95:36
	android:name
		ADDED from src\main\AndroidManifest.xml:95:13-34
activity#com.example.answeringmachine.List2
ADDED from src\main\AndroidManifest.xml:96:9-97:36
	android:name
		ADDED from src\main\AndroidManifest.xml:97:13-34
receiver#com.example.answeringmachine.PhoneReceiver
ADDED from src\main\AndroidManifest.xml:98:9-103:28
	android:name
		ADDED from src\main\AndroidManifest.xml:98:19-48
intent-filter#android.intent.action.PHONE_STATE
ADDED from src\main\AndroidManifest.xml:99:13-102:33
action#android.intent.action.PHONE_STATE
ADDED from src\main\AndroidManifest.xml:101:17-75
	android:name
		ADDED from src\main\AndroidManifest.xml:101:25-73
receiver#com.example.answeringmachine.SMSReceiver
ADDED from src\main\AndroidManifest.xml:104:17-108:28
	android:name
		ADDED from src\main\AndroidManifest.xml:104:27-54
intent-filter#android.provider.Telephony.SMS_RECEIVED
ADDED from src\main\AndroidManifest.xml:105:13-107:33
action#android.provider.Telephony.SMS_RECEIVED
ADDED from src\main\AndroidManifest.xml:106:17-81
	android:name
		ADDED from src\main\AndroidManifest.xml:106:25-79